2025-11-28 14:52:12 - MultiTargetOrchestrator - INFO - 正在初始化多目标观测协调器...
2025-11-28 14:52:12 - MultiTargetOrchestrator - INFO - 多目标观测协调器初始化完成
2025-11-28 14:52:12 - MultiTargetOrchestrator - INFO - 多目标自动观测系统启动
2025-11-28 14:52:12 - MultiTargetOrchestrator - INFO - 开始执行观测序列...
2025-11-28 14:52:12 - MultiTargetOrchestrator - INFO - 正在计算调度摘要...
2025-11-28 14:52:12 - MultiTargetOrchestrator - INFO - 正在验证目标列表...
2025-11-28 14:52:12 - MultiTargetOrchestrator - INFO - 目标 NGC 1499: 可观测性=True, 时间有效=True
2025-11-28 14:52:12 - MultiTargetOrchestrator - INFO - 目标 M 31: 可观测性=False, 时间有效=True
2025-11-28 14:52:12 - MultiTargetOrchestrator - INFO - 目标 M 33: 可观测性=False, 时间有效=True
2025-11-28 14:52:12 - MultiTargetOrchestrator - INFO - 观测调度摘要: 总目标 3 个，可观测 1 个 - 时间范围: 2025-11-28 14:52 到 2025-11-28 14:52 (持续 0.0 小时)
2025-11-28 14:52:12 - MultiTargetOrchestrator - INFO - 计划观测 3 个目标
2025-11-28 14:52:15 - MultiTargetOrchestrator - INFO - 开始观测目标 1/3: NGC 1499
2025-11-28 14:52:15 - MultiTargetOrchestrator - INFO - 开始执行 NGC 1499 观测任务
2025-11-28 14:52:21 - MultiTargetOrchestrator - ERROR - NGC 1499 观测计划启动失败
2025-11-28 14:52:21 - MultiTargetOrchestrator - ERROR - 目标 NGC 1499 观测执行失败
2025-11-28 14:52:21 - MultiTargetOrchestrator - INFO - 开始观测目标 2/3: M 31
2025-11-28 14:52:21 - MultiTargetOrchestrator - INFO - 开始执行 M 31 观测任务
2025-11-28 14:52:27 - MultiTargetOrchestrator - ERROR - M 31 观测计划启动失败
2025-11-28 14:52:27 - MultiTargetOrchestrator - ERROR - 目标 M 31 观测执行失败
2025-11-28 14:52:27 - MultiTargetOrchestrator - INFO - 开始观测目标 3/3: M 33
2025-11-28 14:52:27 - MultiTargetOrchestrator - INFO - 开始执行 M 33 观测任务
2025-11-28 14:52:33 - MultiTargetOrchestrator - ERROR - M 33 观测计划启动失败
2025-11-28 14:52:33 - MultiTargetOrchestrator - ERROR - 目标 M 33 观测执行失败
2025-11-28 14:52:33 - MultiTargetOrchestrator - INFO - 观测序列完成: 成功 0 个, 失败 3 个
2025-11-28 14:52:33 - MultiTargetOrchestrator - INFO - 正在清理资源...
2025-11-28 14:52:33 - MultiTargetOrchestrator - INFO - 多目标观测协调器关闭
2025-11-28 15:04:13 - MultiTargetOrchestrator - INFO - 正在初始化多目标观测协调器...
2025-11-28 15:04:13 - MultiTargetOrchestrator - INFO - 多目标观测协调器初始化完成
2025-11-28 15:04:13 - MultiTargetOrchestrator - INFO - 多目标自动观测系统启动
2025-11-28 15:04:13 - MultiTargetOrchestrator - INFO - 开始执行观测序列...
2025-11-28 15:04:13 - MultiTargetOrchestrator - INFO - 正在计算调度摘要...
2025-11-28 15:04:13 - MultiTargetOrchestrator - INFO - 正在验证目标列表...
2025-11-28 15:04:13 - MultiTargetOrchestrator - INFO - 目标 NGC 1499: 可观测性=True, 时间有效=True
2025-11-28 15:04:13 - MultiTargetOrchestrator - INFO - 目标 M 31: 可观测性=False, 时间有效=True
2025-11-28 15:04:13 - MultiTargetOrchestrator - INFO - 目标 M 33: 可观测性=False, 时间有效=True
2025-11-28 15:04:13 - MultiTargetOrchestrator - INFO - 观测调度摘要: 总目标 3 个，可观测 1 个 - 时间范围: 2025-11-28 15:04 到 2025-11-28 15:04 (持续 0.0 小时)
2025-11-28 15:04:13 - MultiTargetOrchestrator - INFO - 计划观测 3 个目标
2025-11-28 15:04:17 - MultiTargetOrchestrator - INFO - 开始观测目标 1/3: NGC 1499
2025-11-28 15:04:17 - MultiTargetOrchestrator - INFO - 开始执行 NGC 1499 观测任务
2025-11-28 15:04:23 - MultiTargetOrchestrator - ERROR - NGC 1499 观测计划启动失败
2025-11-28 15:04:23 - MultiTargetOrchestrator - ERROR - 目标 NGC 1499 观测执行失败
2025-11-28 15:04:23 - MultiTargetOrchestrator - INFO - 开始观测目标 2/3: M 31
2025-11-28 15:04:23 - MultiTargetOrchestrator - INFO - 开始执行 M 31 观测任务
2025-11-28 15:04:29 - MultiTargetOrchestrator - ERROR - M 31 观测计划启动失败
2025-11-28 15:04:29 - MultiTargetOrchestrator - ERROR - 目标 M 31 观测执行失败
2025-11-28 15:04:29 - MultiTargetOrchestrator - INFO - 开始观测目标 3/3: M 33
2025-11-28 15:04:29 - MultiTargetOrchestrator - INFO - 开始执行 M 33 观测任务
2025-11-28 15:04:35 - MultiTargetOrchestrator - ERROR - M 33 观测计划启动失败
2025-11-28 15:04:35 - MultiTargetOrchestrator - ERROR - 目标 M 33 观测执行失败
2025-11-28 15:04:35 - MultiTargetOrchestrator - INFO - 观测序列完成: 成功 0 个, 失败 3 个
2025-11-28 15:04:35 - MultiTargetOrchestrator - INFO - 正在清理资源...
2025-11-28 15:04:35 - MultiTargetOrchestrator - INFO - 多目标观测协调器关闭
