2025-11-28 13:54:45 - MultiTargetOrchestrator - INFO - ÕıÔÚ³õÊ¼»¯¶àÄ¿±ê¹Û²âĞ­µ÷Æ÷...
2025-11-28 13:54:45 - MultiTargetOrchestrator - ERROR - ³õÊ¼»¯Ê§°Ü: 'ACPServerConfig' object has no attribute 'host'
2025-11-28 13:55:45 - MultiTargetOrchestrator - INFO - ÕıÔÚ³õÊ¼»¯¶àÄ¿±ê¹Û²âĞ­µ÷Æ÷...
2025-11-28 13:55:45 - MultiTargetOrchestrator - ERROR - ³õÊ¼»¯Ê§°Ü: ACPConnectionManager.__init__() got an unexpected keyword argument 'host'
2025-11-28 13:56:12 - MultiTargetOrchestrator - INFO - ÕıÔÚ³õÊ¼»¯¶àÄ¿±ê¹Û²âĞ­µ÷Æ÷...
2025-11-28 13:56:12 - MultiTargetOrchestrator - ERROR - ³õÊ¼»¯Ê§°Ü: ACPImagingManager.__init__() got an unexpected keyword argument 'dry_run'
2025-11-28 13:56:35 - MultiTargetOrchestrator - INFO - ÕıÔÚ³õÊ¼»¯¶àÄ¿±ê¹Û²âĞ­µ÷Æ÷...
2025-11-28 13:56:35 - MultiTargetOrchestrator - ERROR - ³õÊ¼»¯Ê§°Ü: TargetScheduler.__init__() got an unexpected keyword argument 'observatory_config'
2025-11-28 13:57:03 - MultiTargetOrchestrator - INFO - ÕıÔÚ³õÊ¼»¯¶àÄ¿±ê¹Û²âĞ­µ÷Æ÷...
2025-11-28 13:57:03 - MultiTargetOrchestrator - ERROR - ³õÊ¼»¯Ê§°Ü: TargetObservationExecutor.__init__() got an unexpected keyword argument 'logger'
2025-11-28 13:57:19 - MultiTargetOrchestrator - INFO - ÕıÔÚ³õÊ¼»¯¶àÄ¿±ê¹Û²âĞ­µ÷Æ÷...
2025-11-28 13:57:19 - MultiTargetOrchestrator - INFO - ¶àÄ¿±ê¹Û²âĞ­µ÷Æ÷³õÊ¼»¯Íê³É
2025-11-28 13:57:19 - MultiTargetOrchestrator - INFO - ÕıÔÚÑéÖ¤Ä¿±êÁĞ±í...
2025-11-28 13:58:22 - MultiTargetOrchestrator - INFO - ÕıÔÚ³õÊ¼»¯¶àÄ¿±ê¹Û²âĞ­µ÷Æ÷...
2025-11-28 13:58:22 - MultiTargetOrchestrator - INFO - ¶àÄ¿±ê¹Û²âĞ­µ÷Æ÷³õÊ¼»¯Íê³É
2025-11-28 13:58:22 - MultiTargetOrchestrator - INFO - ÕıÔÚÑéÖ¤Ä¿±êÁĞ±í...
2025-11-28 13:58:22 - MultiTargetOrchestrator - INFO - Ä¿±ê NGC 1499: ¿É¹Û²âĞÔ=True, Ê±¼äÓĞĞ§=True
2025-11-28 13:58:22 - MultiTargetOrchestrator - INFO - Ä¿±ê M 31: ¿É¹Û²âĞÔ=False, Ê±¼äÓĞĞ§=True
2025-11-28 13:58:22 - MultiTargetOrchestrator - INFO - Ä¿±ê M 33: ¿É¹Û²âĞÔ=False, Ê±¼äÓĞĞ§=True
2025-11-28 13:58:33 - MultiTargetOrchestrator - INFO - ÕıÔÚ³õÊ¼»¯¶àÄ¿±ê¹Û²âĞ­µ÷Æ÷...
2025-11-28 13:58:33 - MultiTargetOrchestrator - INFO - ¶àÄ¿±ê¹Û²âĞ­µ÷Æ÷³õÊ¼»¯Íê³É
2025-11-28 13:58:33 - MultiTargetOrchestrator - INFO - ¶àÄ¿±ê×Ô¶¯¹Û²âÏµÍ³Æô¶¯
2025-11-28 13:58:33 - MultiTargetOrchestrator - INFO - ¿ªÊ¼Ö´ĞĞ¹Û²âĞòÁĞ...
2025-11-28 13:58:33 - MultiTargetOrchestrator - INFO - ÕıÔÚ¼ÆËãµ÷¶ÈÕªÒª...
2025-11-28 13:58:33 - MultiTargetOrchestrator - INFO - ÕıÔÚÑéÖ¤Ä¿±êÁĞ±í...
2025-11-28 13:58:33 - MultiTargetOrchestrator - INFO - Ä¿±ê NGC 1499: ¿É¹Û²âĞÔ=True, Ê±¼äÓĞĞ§=True
2025-11-28 13:58:33 - MultiTargetOrchestrator - INFO - Ä¿±ê M 31: ¿É¹Û²âĞÔ=False, Ê±¼äÓĞĞ§=True
2025-11-28 13:58:33 - MultiTargetOrchestrator - INFO - Ä¿±ê M 33: ¿É¹Û²âĞÔ=False, Ê±¼äÓĞĞ§=True
2025-11-28 14:01:48 - MultiTargetOrchestrator - INFO - ÕıÔÚ³õÊ¼»¯¶àÄ¿±ê¹Û²âĞ­µ÷Æ÷...
2025-11-28 14:01:48 - MultiTargetOrchestrator - INFO - ¶àÄ¿±ê¹Û²âĞ­µ÷Æ÷³õÊ¼»¯Íê³É
2025-11-28 14:01:48 - MultiTargetOrchestrator - INFO - ¶àÄ¿±ê×Ô¶¯¹Û²âÏµÍ³Æô¶¯
2025-11-28 14:01:48 - MultiTargetOrchestrator - INFO - ¿ªÊ¼Ö´ĞĞ¹Û²âĞòÁĞ...
2025-11-28 14:01:48 - MultiTargetOrchestrator - INFO - ÕıÔÚ¼ÆËãµ÷¶ÈÕªÒª...
2025-11-28 14:01:48 - MultiTargetOrchestrator - INFO - ÕıÔÚÑéÖ¤Ä¿±êÁĞ±í...
2025-11-28 14:01:48 - MultiTargetOrchestrator - INFO - Ä¿±ê NGC 1499: ¿É¹Û²âĞÔ=True, Ê±¼äÓĞĞ§=True
2025-11-28 14:01:48 - MultiTargetOrchestrator - INFO - Ä¿±ê M 31: ¿É¹Û²âĞÔ=False, Ê±¼äÓĞĞ§=True
2025-11-28 14:01:48 - MultiTargetOrchestrator - INFO - Ä¿±ê M 33: ¿É¹Û²âĞÔ=False, Ê±¼äÓĞĞ§=True
2025-11-28 14:02:31 - MultiTargetOrchestrator - INFO - ÕıÔÚ³õÊ¼»¯¶àÄ¿±ê¹Û²âĞ­µ÷Æ÷...
2025-11-28 14:02:31 - MultiTargetOrchestrator - INFO - ¶àÄ¿±ê¹Û²âĞ­µ÷Æ÷³õÊ¼»¯Íê³É
2025-11-28 14:02:31 - MultiTargetOrchestrator - INFO - ¶àÄ¿±ê×Ô¶¯¹Û²âÏµÍ³Æô¶¯
2025-11-28 14:02:31 - MultiTargetOrchestrator - INFO - ¿ªÊ¼Ö´ĞĞ¹Û²âĞòÁĞ...
2025-11-28 14:02:31 - MultiTargetOrchestrator - INFO - ÕıÔÚ¼ÆËãµ÷¶ÈÕªÒª...
2025-11-28 14:02:31 - MultiTargetOrchestrator - INFO - ÕıÔÚÑéÖ¤Ä¿±êÁĞ±í...
2025-11-28 14:02:31 - MultiTargetOrchestrator - INFO - Ä¿±ê NGC 1499: ¿É¹Û²âĞÔ=True, Ê±¼äÓĞĞ§=True
2025-11-28 14:02:31 - MultiTargetOrchestrator - INFO - Ä¿±ê M 31: ¿É¹Û²âĞÔ=False, Ê±¼äÓĞĞ§=True
2025-11-28 14:02:31 - MultiTargetOrchestrator - INFO - Ä¿±ê M 33: ¿É¹Û²âĞÔ=False, Ê±¼äÓĞĞ§=True
2025-11-28 14:02:55 - MultiTargetOrchestrator - INFO - æ­£åœ¨åˆå§‹åŒ–å¤šç›®æ ‡è§‚æµ‹åè°ƒå™¨...
2025-11-28 14:02:55 - MultiTargetOrchestrator - INFO - å¤šç›®æ ‡è§‚æµ‹åè°ƒå™¨åˆå§‹åŒ–å®Œæˆ
2025-11-28 14:02:55 - MultiTargetOrchestrator - INFO - å¤šç›®æ ‡è‡ªåŠ¨è§‚æµ‹ç³»ç»Ÿå¯åŠ¨
2025-11-28 14:02:55 - MultiTargetOrchestrator - INFO - å¼€å§‹æ‰§è¡Œè§‚æµ‹åºåˆ—...
2025-11-28 14:02:55 - MultiTargetOrchestrator - INFO - æ­£åœ¨è®¡ç®—è°ƒåº¦æ‘˜è¦...
2025-11-28 14:02:55 - MultiTargetOrchestrator - INFO - æ­£åœ¨éªŒè¯ç›®æ ‡åˆ—è¡¨...
2025-11-28 14:02:55 - MultiTargetOrchestrator - INFO - ç›®æ ‡ NGC 1499: å¯è§‚æµ‹æ€§=True, æ—¶é—´æœ‰æ•ˆ=True
2025-11-28 14:02:55 - MultiTargetOrchestrator - INFO - ç›®æ ‡ M 31: å¯è§‚æµ‹æ€§=False, æ—¶é—´æœ‰æ•ˆ=True
2025-11-28 14:02:55 - MultiTargetOrchestrator - INFO - ç›®æ ‡ M 33: å¯è§‚æµ‹æ€§=False, æ—¶é—´æœ‰æ•ˆ=True
2025-11-28 14:08:40 - MultiTargetOrchestrator - INFO - ÕıÔÚ³õÊ¼»¯¶àÄ¿±ê¹Û²âĞ­µ÷Æ÷...
2025-11-28 14:08:40 - MultiTargetOrchestrator - INFO - ¶àÄ¿±ê¹Û²âĞ­µ÷Æ÷³õÊ¼»¯Íê³É
2025-11-28 14:08:40 - MultiTargetOrchestrator - INFO - ÕıÔÚÑéÖ¤Ä¿±êÁĞ±í...
2025-11-28 14:08:40 - MultiTargetOrchestrator - INFO - Ä¿±ê NGC 1499: ¿É¹Û²âĞÔ=True, Ê±¼äÓĞĞ§=True
2025-11-28 14:08:40 - MultiTargetOrchestrator - INFO - Ä¿±ê M 31: ¿É¹Û²âĞÔ=False, Ê±¼äÓĞĞ§=True
2025-11-28 14:08:40 - MultiTargetOrchestrator - INFO - Ä¿±ê M 33: ¿É¹Û²âĞÔ=False, Ê±¼äÓĞĞ§=True
2025-11-28 14:08:40 - MultiTargetOrchestrator - INFO - ÕıÔÚ¼ÆËãµ÷¶ÈÕªÒª...
2025-11-28 14:08:40 - MultiTargetOrchestrator - INFO - ÕıÔÚÑéÖ¤Ä¿±êÁĞ±í...
2025-11-28 14:08:40 - MultiTargetOrchestrator - INFO - Ä¿±ê NGC 1499: ¿É¹Û²âĞÔ=True, Ê±¼äÓĞĞ§=True
2025-11-28 14:08:40 - MultiTargetOrchestrator - INFO - Ä¿±ê M 31: ¿É¹Û²âĞÔ=False, Ê±¼äÓĞĞ§=True
2025-11-28 14:08:40 - MultiTargetOrchestrator - INFO - Ä¿±ê M 33: ¿É¹Û²âĞÔ=False, Ê±¼äÓĞĞ§=True
2025-11-28 14:09:15 - MultiTargetOrchestrator - INFO - ÕıÔÚ³õÊ¼»¯¶àÄ¿±ê¹Û²âĞ­µ÷Æ÷...
2025-11-28 14:09:15 - MultiTargetOrchestrator - INFO - ¶àÄ¿±ê¹Û²âĞ­µ÷Æ÷³õÊ¼»¯Íê³É
2025-11-28 14:09:15 - MultiTargetOrchestrator - INFO - ÕıÔÚÑéÖ¤Ä¿±êÁĞ±í...
2025-11-28 14:09:15 - MultiTargetOrchestrator - INFO - Ä¿±ê NGC 1499: ¿É¹Û²âĞÔ=True, Ê±¼äÓĞĞ§=True
2025-11-28 14:09:15 - MultiTargetOrchestrator - INFO - Ä¿±ê M 31: ¿É¹Û²âĞÔ=False, Ê±¼äÓĞĞ§=True
2025-11-28 14:09:15 - MultiTargetOrchestrator - INFO - Ä¿±ê M 33: ¿É¹Û²âĞÔ=False, Ê±¼äÓĞĞ§=True
2025-11-28 14:09:15 - MultiTargetOrchestrator - INFO - ÕıÔÚ¼ÆËãµ÷¶ÈÕªÒª...
2025-11-28 14:09:15 - MultiTargetOrchestrator - INFO - ÕıÔÚÑéÖ¤Ä¿±êÁĞ±í...
2025-11-28 14:09:15 - MultiTargetOrchestrator - INFO - Ä¿±ê NGC 1499: ¿É¹Û²âĞÔ=True, Ê±¼äÓĞĞ§=True
2025-11-28 14:09:15 - MultiTargetOrchestrator - INFO - Ä¿±ê M 31: ¿É¹Û²âĞÔ=False, Ê±¼äÓĞĞ§=True
2025-11-28 14:09:15 - MultiTargetOrchestrator - INFO - Ä¿±ê M 33: ¿É¹Û²âĞÔ=False, Ê±¼äÓĞĞ§=True
2025-11-28 14:09:15 - MultiTargetOrchestrator - INFO - ¹Û²âµ÷¶ÈÕªÒª: ×ÜÄ¿±ê 3 ¸ö£¬¿É¹Û²â 1 ¸ö - Ê±¼ä·¶Î§: 2025-11-28 14:09 µ½ 2025-11-28 14:09 (³ÖĞø 0.0 Ğ¡Ê±)
2025-11-28 14:09:33 - MultiTargetOrchestrator - INFO - ÕıÔÚ³õÊ¼»¯¶àÄ¿±ê¹Û²âĞ­µ÷Æ÷...
2025-11-28 14:09:33 - MultiTargetOrchestrator - INFO - ¶àÄ¿±ê¹Û²âĞ­µ÷Æ÷³õÊ¼»¯Íê³É
2025-11-28 14:09:33 - MultiTargetOrchestrator - INFO - ÕıÔÚÑéÖ¤Ä¿±êÁĞ±í...
2025-11-28 14:09:33 - MultiTargetOrchestrator - INFO - Ä¿±ê NGC 1499: ¿É¹Û²âĞÔ=True, Ê±¼äÓĞĞ§=True
2025-11-28 14:09:33 - MultiTargetOrchestrator - INFO - Ä¿±ê M 31: ¿É¹Û²âĞÔ=False, Ê±¼äÓĞĞ§=True
2025-11-28 14:09:33 - MultiTargetOrchestrator - INFO - Ä¿±ê M 33: ¿É¹Û²âĞÔ=False, Ê±¼äÓĞĞ§=True
2025-11-28 14:09:33 - MultiTargetOrchestrator - INFO - ÕıÔÚ¼ÆËãµ÷¶ÈÕªÒª...
2025-11-28 14:09:33 - MultiTargetOrchestrator - INFO - ÕıÔÚÑéÖ¤Ä¿±êÁĞ±í...
2025-11-28 14:09:33 - MultiTargetOrchestrator - INFO - Ä¿±ê NGC 1499: ¿É¹Û²âĞÔ=True, Ê±¼äÓĞĞ§=True
2025-11-28 14:09:33 - MultiTargetOrchestrator - INFO - Ä¿±ê M 31: ¿É¹Û²âĞÔ=False, Ê±¼äÓĞĞ§=True
2025-11-28 14:09:33 - MultiTargetOrchestrator - INFO - Ä¿±ê M 33: ¿É¹Û²âĞÔ=False, Ê±¼äÓĞĞ§=True
2025-11-28 14:09:33 - MultiTargetOrchestrator - INFO - ¹Û²âµ÷¶ÈÕªÒª: ×ÜÄ¿±ê 3 ¸ö£¬¿É¹Û²â 1 ¸ö - Ê±¼ä·¶Î§: 2025-11-28 14:09 µ½ 2025-11-28 14:09 (³ÖĞø 0.0 Ğ¡Ê±)
2025-11-28 14:09:45 - MultiTargetOrchestrator - INFO - ÕıÔÚ³õÊ¼»¯¶àÄ¿±ê¹Û²âĞ­µ÷Æ÷...
2025-11-28 14:09:45 - MultiTargetOrchestrator - INFO - ¶àÄ¿±ê¹Û²âĞ­µ÷Æ÷³õÊ¼»¯Íê³É
2025-11-28 14:09:45 - MultiTargetOrchestrator - INFO - ¶àÄ¿±ê×Ô¶¯¹Û²âÏµÍ³Æô¶¯
2025-11-28 14:09:45 - MultiTargetOrchestrator - INFO - ¿ªÊ¼Ö´ĞĞ¹Û²âĞòÁĞ...
2025-11-28 14:09:45 - MultiTargetOrchestrator - INFO - ÕıÔÚ¼ÆËãµ÷¶ÈÕªÒª...
2025-11-28 14:09:45 - MultiTargetOrchestrator - INFO - ÕıÔÚÑéÖ¤Ä¿±êÁĞ±í...
2025-11-28 14:09:45 - MultiTargetOrchestrator - INFO - Ä¿±ê NGC 1499: ¿É¹Û²âĞÔ=True, Ê±¼äÓĞĞ§=True
2025-11-28 14:09:45 - MultiTargetOrchestrator - INFO - Ä¿±ê M 31: ¿É¹Û²âĞÔ=False, Ê±¼äÓĞĞ§=True
2025-11-28 14:09:45 - MultiTargetOrchestrator - INFO - Ä¿±ê M 33: ¿É¹Û²âĞÔ=False, Ê±¼äÓĞĞ§=True
2025-11-28 14:09:45 - MultiTargetOrchestrator - INFO - ¹Û²âµ÷¶ÈÕªÒª: ×ÜÄ¿±ê 3 ¸ö£¬¿É¹Û²â 1 ¸ö - Ê±¼ä·¶Î§: 2025-11-28 14:09 µ½ 2025-11-28 14:09 (³ÖĞø 0.0 Ğ¡Ê±)
2025-11-28 14:09:45 - MultiTargetOrchestrator - INFO - ¼Æ»®¹Û²â 3 ¸öÄ¿±ê
2025-11-28 14:09:45 - MultiTargetOrchestrator - INFO - ¿ªÊ¼¹Û²âÄ¿±ê 1/3: NGC 1499
2025-11-28 14:09:45 - MultiTargetOrchestrator - ERROR - Ä¿±ê NGC 1499 ¹Û²â¹ı³ÌÖĞ³ö´í: 'TargetObservationExecutor' object has no attribute 'execute_target_observation'
2025-11-28 14:09:45 - MultiTargetOrchestrator - INFO - ¿ªÊ¼¹Û²âÄ¿±ê 2/3: M 31
2025-11-28 14:09:45 - MultiTargetOrchestrator - ERROR - Ä¿±ê M 31 ¹Û²â¹ı³ÌÖĞ³ö´í: 'TargetObservationExecutor' object has no attribute 'execute_target_observation'
2025-11-28 14:09:45 - MultiTargetOrchestrator - INFO - ¿ªÊ¼¹Û²âÄ¿±ê 3/3: M 33
2025-11-28 14:09:45 - MultiTargetOrchestrator - ERROR - Ä¿±ê M 33 ¹Û²â¹ı³ÌÖĞ³ö´í: 'TargetObservationExecutor' object has no attribute 'execute_target_observation'
2025-11-28 14:09:45 - MultiTargetOrchestrator - INFO - ¹Û²âĞòÁĞÍê³É: ³É¹¦ 0 ¸ö, Ê§°Ü 3 ¸ö
2025-11-28 14:09:45 - MultiTargetOrchestrator - INFO - ÕıÔÚÇåÀí×ÊÔ´...
2025-11-28 14:09:45 - MultiTargetOrchestrator - INFO - ¶àÄ¿±ê¹Û²âĞ­µ÷Æ÷¹Ø±Õ
2025-11-28 14:10:12 - MultiTargetOrchestrator - INFO - ÕıÔÚ³õÊ¼»¯¶àÄ¿±ê¹Û²âĞ­µ÷Æ÷...
2025-11-28 14:10:12 - MultiTargetOrchestrator - INFO - ¶àÄ¿±ê¹Û²âĞ­µ÷Æ÷³õÊ¼»¯Íê³É
2025-11-28 14:10:12 - MultiTargetOrchestrator - INFO - ¶àÄ¿±ê×Ô¶¯¹Û²âÏµÍ³Æô¶¯
2025-11-28 14:10:12 - MultiTargetOrchestrator - INFO - ¿ªÊ¼Ö´ĞĞ¹Û²âĞòÁĞ...
2025-11-28 14:10:12 - MultiTargetOrchestrator - INFO - ÕıÔÚ¼ÆËãµ÷¶ÈÕªÒª...
2025-11-28 14:10:12 - MultiTargetOrchestrator - INFO - ÕıÔÚÑéÖ¤Ä¿±êÁĞ±í...
2025-11-28 14:10:12 - MultiTargetOrchestrator - INFO - Ä¿±ê NGC 1499: ¿É¹Û²âĞÔ=True, Ê±¼äÓĞĞ§=True
2025-11-28 14:10:12 - MultiTargetOrchestrator - INFO - Ä¿±ê M 31: ¿É¹Û²âĞÔ=False, Ê±¼äÓĞĞ§=True
2025-11-28 14:10:12 - MultiTargetOrchestrator - INFO - Ä¿±ê M 33: ¿É¹Û²âĞÔ=False, Ê±¼äÓĞĞ§=True
2025-11-28 14:10:12 - MultiTargetOrchestrator - INFO - ¹Û²âµ÷¶ÈÕªÒª: ×ÜÄ¿±ê 3 ¸ö£¬¿É¹Û²â 1 ¸ö - Ê±¼ä·¶Î§: 2025-11-28 14:10 µ½ 2025-11-28 14:10 (³ÖĞø 0.0 Ğ¡Ê±)
2025-11-28 14:10:12 - MultiTargetOrchestrator - INFO - ¼Æ»®¹Û²â 3 ¸öÄ¿±ê
2025-11-28 14:10:12 - MultiTargetOrchestrator - INFO - ¿ªÊ¼¹Û²âÄ¿±ê 1/3: NGC 1499
2025-11-28 14:10:12 - MultiTargetOrchestrator - INFO - [DRYRUN] ¿ªÊ¼Ö´ĞĞ NGC 1499 ¹Û²âÈÎÎñ
2025-11-28 14:10:12 - MultiTargetOrchestrator - ERROR - NGC 1499 ¹Û²âÖ´ĞĞ³ö´í: 'TargetConfig' object is not subscriptable
2025-11-28 14:10:12 - MultiTargetOrchestrator - ERROR - Ä¿±ê NGC 1499 ¹Û²âÖ´ĞĞÊ§°Ü
2025-11-28 14:10:12 - MultiTargetOrchestrator - INFO - ¿ªÊ¼¹Û²âÄ¿±ê 2/3: M 31
2025-11-28 14:10:12 - MultiTargetOrchestrator - INFO - [DRYRUN] ¿ªÊ¼Ö´ĞĞ M 31 ¹Û²âÈÎÎñ
2025-11-28 14:10:12 - MultiTargetOrchestrator - ERROR - M 31 ¹Û²âÖ´ĞĞ³ö´í: 'TargetConfig' object is not subscriptable
2025-11-28 14:10:12 - MultiTargetOrchestrator - ERROR - Ä¿±ê M 31 ¹Û²âÖ´ĞĞÊ§°Ü
2025-11-28 14:10:12 - MultiTargetOrchestrator - INFO - ¿ªÊ¼¹Û²âÄ¿±ê 3/3: M 33
2025-11-28 14:10:12 - MultiTargetOrchestrator - INFO - [DRYRUN] ¿ªÊ¼Ö´ĞĞ M 33 ¹Û²âÈÎÎñ
2025-11-28 14:10:12 - MultiTargetOrchestrator - ERROR - M 33 ¹Û²âÖ´ĞĞ³ö´í: 'TargetConfig' object is not subscriptable
2025-11-28 14:10:12 - MultiTargetOrchestrator - ERROR - Ä¿±ê M 33 ¹Û²âÖ´ĞĞÊ§°Ü
2025-11-28 14:10:12 - MultiTargetOrchestrator - INFO - ¹Û²âĞòÁĞÍê³É: ³É¹¦ 0 ¸ö, Ê§°Ü 3 ¸ö
2025-11-28 14:10:12 - MultiTargetOrchestrator - INFO - ÕıÔÚÇåÀí×ÊÔ´...
2025-11-28 14:10:12 - MultiTargetOrchestrator - INFO - ¶àÄ¿±ê¹Û²âĞ­µ÷Æ÷¹Ø±Õ
2025-11-28 14:10:50 - MultiTargetOrchestrator - INFO - ÕıÔÚ³õÊ¼»¯¶àÄ¿±ê¹Û²âĞ­µ÷Æ÷...
2025-11-28 14:10:50 - MultiTargetOrchestrator - INFO - ¶àÄ¿±ê¹Û²âĞ­µ÷Æ÷³õÊ¼»¯Íê³É
2025-11-28 14:10:50 - MultiTargetOrchestrator - INFO - ¶àÄ¿±ê×Ô¶¯¹Û²âÏµÍ³Æô¶¯
2025-11-28 14:10:50 - MultiTargetOrchestrator - INFO - ¿ªÊ¼Ö´ĞĞ¹Û²âĞòÁĞ...
2025-11-28 14:10:50 - MultiTargetOrchestrator - INFO - ÕıÔÚ¼ÆËãµ÷¶ÈÕªÒª...
2025-11-28 14:10:50 - MultiTargetOrchestrator - INFO - ÕıÔÚÑéÖ¤Ä¿±êÁĞ±í...
2025-11-28 14:10:50 - MultiTargetOrchestrator - INFO - Ä¿±ê NGC 1499: ¿É¹Û²âĞÔ=True, Ê±¼äÓĞĞ§=True
2025-11-28 14:10:50 - MultiTargetOrchestrator - INFO - Ä¿±ê M 31: ¿É¹Û²âĞÔ=False, Ê±¼äÓĞĞ§=True
2025-11-28 14:10:50 - MultiTargetOrchestrator - INFO - Ä¿±ê M 33: ¿É¹Û²âĞÔ=False, Ê±¼äÓĞĞ§=True
2025-11-28 14:10:50 - MultiTargetOrchestrator - INFO - ¹Û²âµ÷¶ÈÕªÒª: ×ÜÄ¿±ê 3 ¸ö£¬¿É¹Û²â 1 ¸ö - Ê±¼ä·¶Î§: 2025-11-28 14:10 µ½ 2025-11-28 14:10 (³ÖĞø 0.0 Ğ¡Ê±)
2025-11-28 14:10:50 - MultiTargetOrchestrator - INFO - ¼Æ»®¹Û²â 3 ¸öÄ¿±ê
2025-11-28 14:10:50 - MultiTargetOrchestrator - INFO - ¿ªÊ¼¹Û²âÄ¿±ê 1/3: NGC 1499
2025-11-28 14:10:50 - MultiTargetOrchestrator - INFO - [DRYRUN] ¿ªÊ¼Ö´ĞĞ NGC 1499 ¹Û²âÈÎÎñ
2025-11-28 14:10:50 - MultiTargetOrchestrator - ERROR - NGC 1499 ¹Û²âÖ´ĞĞ³ö´í: 'MultiTargetConfigManager' object has no attribute 'get'
2025-11-28 14:10:50 - MultiTargetOrchestrator - ERROR - Ä¿±ê NGC 1499 ¹Û²âÖ´ĞĞÊ§°Ü
2025-11-28 14:10:50 - MultiTargetOrchestrator - INFO - ¿ªÊ¼¹Û²âÄ¿±ê 2/3: M 31
2025-11-28 14:10:50 - MultiTargetOrchestrator - INFO - [DRYRUN] ¿ªÊ¼Ö´ĞĞ M 31 ¹Û²âÈÎÎñ
2025-11-28 14:10:50 - MultiTargetOrchestrator - ERROR - M 31 ¹Û²âÖ´ĞĞ³ö´í: 'MultiTargetConfigManager' object has no attribute 'get'
2025-11-28 14:10:50 - MultiTargetOrchestrator - ERROR - Ä¿±ê M 31 ¹Û²âÖ´ĞĞÊ§°Ü
2025-11-28 14:10:50 - MultiTargetOrchestrator - INFO - ¿ªÊ¼¹Û²âÄ¿±ê 3/3: M 33
2025-11-28 14:10:50 - MultiTargetOrchestrator - INFO - [DRYRUN] ¿ªÊ¼Ö´ĞĞ M 33 ¹Û²âÈÎÎñ
2025-11-28 14:10:50 - MultiTargetOrchestrator - ERROR - M 33 ¹Û²âÖ´ĞĞ³ö´í: 'MultiTargetConfigManager' object has no attribute 'get'
2025-11-28 14:10:50 - MultiTargetOrchestrator - ERROR - Ä¿±ê M 33 ¹Û²âÖ´ĞĞÊ§°Ü
2025-11-28 14:10:50 - MultiTargetOrchestrator - INFO - ¹Û²âĞòÁĞÍê³É: ³É¹¦ 0 ¸ö, Ê§°Ü 3 ¸ö
2025-11-28 14:10:50 - MultiTargetOrchestrator - INFO - ÕıÔÚÇåÀí×ÊÔ´...
2025-11-28 14:10:50 - MultiTargetOrchestrator - INFO - ¶àÄ¿±ê¹Û²âĞ­µ÷Æ÷¹Ø±Õ
2025-11-28 14:11:04 - MultiTargetOrchestrator - INFO - ÕıÔÚ³õÊ¼»¯¶àÄ¿±ê¹Û²âĞ­µ÷Æ÷...
2025-11-28 14:11:04 - MultiTargetOrchestrator - INFO - ¶àÄ¿±ê¹Û²âĞ­µ÷Æ÷³õÊ¼»¯Íê³É
2025-11-28 14:11:04 - MultiTargetOrchestrator - INFO - ¶àÄ¿±ê×Ô¶¯¹Û²âÏµÍ³Æô¶¯
2025-11-28 14:11:04 - MultiTargetOrchestrator - INFO - ¿ªÊ¼Ö´ĞĞ¹Û²âĞòÁĞ...
2025-11-28 14:11:04 - MultiTargetOrchestrator - INFO - ÕıÔÚ¼ÆËãµ÷¶ÈÕªÒª...
2025-11-28 14:11:04 - MultiTargetOrchestrator - INFO - ÕıÔÚÑéÖ¤Ä¿±êÁĞ±í...
2025-11-28 14:11:04 - MultiTargetOrchestrator - INFO - Ä¿±ê NGC 1499: ¿É¹Û²âĞÔ=True, Ê±¼äÓĞĞ§=True
2025-11-28 14:11:04 - MultiTargetOrchestrator - INFO - Ä¿±ê M 31: ¿É¹Û²âĞÔ=False, Ê±¼äÓĞĞ§=True
2025-11-28 14:11:04 - MultiTargetOrchestrator - INFO - Ä¿±ê M 33: ¿É¹Û²âĞÔ=False, Ê±¼äÓĞĞ§=True
2025-11-28 14:11:04 - MultiTargetOrchestrator - INFO - ¹Û²âµ÷¶ÈÕªÒª: ×ÜÄ¿±ê 3 ¸ö£¬¿É¹Û²â 1 ¸ö - Ê±¼ä·¶Î§: 2025-11-28 14:11 µ½ 2025-11-28 14:11 (³ÖĞø 0.0 Ğ¡Ê±)
2025-11-28 14:11:04 - MultiTargetOrchestrator - INFO - ¼Æ»®¹Û²â 3 ¸öÄ¿±ê
2025-11-28 14:11:04 - MultiTargetOrchestrator - INFO - ¿ªÊ¼¹Û²âÄ¿±ê 1/3: NGC 1499
2025-11-28 14:11:04 - MultiTargetOrchestrator - INFO - [DRYRUN] ¿ªÊ¼Ö´ĞĞ NGC 1499 ¹Û²âÈÎÎñ
2025-11-28 14:11:05 - MultiTargetOrchestrator - INFO - NGC 1499 ¹Û²â¼Æ»®ÒÑÆô¶¯
2025-11-28 14:11:05 - MultiTargetOrchestrator - ERROR - ¼à¿Ø NGC 1499 Ê±³ö´í: name 'timedelta' is not defined
2025-11-28 14:11:05 - MultiTargetOrchestrator - ERROR - Ä¿±ê NGC 1499 ¹Û²â¹ı³ÌÖĞ³ö´í: 'TargetObservationExecutor' object has no attribute 'monitor_target_observation'
2025-11-28 14:11:05 - MultiTargetOrchestrator - INFO - ¿ªÊ¼¹Û²âÄ¿±ê 2/3: M 31
2025-11-28 14:11:05 - MultiTargetOrchestrator - INFO - [DRYRUN] ¿ªÊ¼Ö´ĞĞ M 31 ¹Û²âÈÎÎñ
2025-11-28 14:11:06 - MultiTargetOrchestrator - INFO - M 31 ¹Û²â¼Æ»®ÒÑÆô¶¯
2025-11-28 14:11:06 - MultiTargetOrchestrator - ERROR - ¼à¿Ø M 31 Ê±³ö´í: name 'timedelta' is not defined
2025-11-28 14:11:06 - MultiTargetOrchestrator - ERROR - Ä¿±ê M 31 ¹Û²â¹ı³ÌÖĞ³ö´í: 'TargetObservationExecutor' object has no attribute 'monitor_target_observation'
2025-11-28 14:11:06 - MultiTargetOrchestrator - INFO - ¿ªÊ¼¹Û²âÄ¿±ê 3/3: M 33
2025-11-28 14:11:06 - MultiTargetOrchestrator - INFO - [DRYRUN] ¿ªÊ¼Ö´ĞĞ M 33 ¹Û²âÈÎÎñ
2025-11-28 14:11:07 - MultiTargetOrchestrator - INFO - M 33 ¹Û²â¼Æ»®ÒÑÆô¶¯
2025-11-28 14:11:07 - MultiTargetOrchestrator - ERROR - ¼à¿Ø M 33 Ê±³ö´í: name 'timedelta' is not defined
2025-11-28 14:11:07 - MultiTargetOrchestrator - ERROR - Ä¿±ê M 33 ¹Û²â¹ı³ÌÖĞ³ö´í: 'TargetObservationExecutor' object has no attribute 'monitor_target_observation'
2025-11-28 14:11:07 - MultiTargetOrchestrator - INFO - ¹Û²âĞòÁĞÍê³É: ³É¹¦ 0 ¸ö, Ê§°Ü 3 ¸ö
2025-11-28 14:11:07 - MultiTargetOrchestrator - INFO - ÕıÔÚÇåÀí×ÊÔ´...
2025-11-28 14:11:07 - MultiTargetOrchestrator - INFO - ¶àÄ¿±ê¹Û²âĞ­µ÷Æ÷¹Ø±Õ
2025-11-28 14:12:39 - MultiTargetOrchestrator - INFO - ÕıÔÚ³õÊ¼»¯¶àÄ¿±ê¹Û²âĞ­µ÷Æ÷...
2025-11-28 14:12:39 - MultiTargetOrchestrator - INFO - ¶àÄ¿±ê¹Û²âĞ­µ÷Æ÷³õÊ¼»¯Íê³É
2025-11-28 14:12:39 - MultiTargetOrchestrator - INFO - ¶àÄ¿±ê×Ô¶¯¹Û²âÏµÍ³Æô¶¯
2025-11-28 14:12:39 - MultiTargetOrchestrator - INFO - ¿ªÊ¼Ö´ĞĞ¹Û²âĞòÁĞ...
2025-11-28 14:12:39 - MultiTargetOrchestrator - INFO - ÕıÔÚ¼ÆËãµ÷¶ÈÕªÒª...
2025-11-28 14:12:39 - MultiTargetOrchestrator - INFO - ÕıÔÚÑéÖ¤Ä¿±êÁĞ±í...
2025-11-28 14:12:39 - MultiTargetOrchestrator - INFO - Ä¿±ê NGC 1499: ¿É¹Û²âĞÔ=True, Ê±¼äÓĞĞ§=True
2025-11-28 14:12:39 - MultiTargetOrchestrator - INFO - Ä¿±ê M 31: ¿É¹Û²âĞÔ=False, Ê±¼äÓĞĞ§=True
2025-11-28 14:12:39 - MultiTargetOrchestrator - INFO - Ä¿±ê M 33: ¿É¹Û²âĞÔ=False, Ê±¼äÓĞĞ§=True
2025-11-28 14:12:39 - MultiTargetOrchestrator - INFO - ¹Û²âµ÷¶ÈÕªÒª: ×ÜÄ¿±ê 3 ¸ö£¬¿É¹Û²â 1 ¸ö - Ê±¼ä·¶Î§: 2025-11-28 14:12 µ½ 2025-11-28 14:12 (³ÖĞø 0.0 Ğ¡Ê±)
2025-11-28 14:12:39 - MultiTargetOrchestrator - INFO - ¼Æ»®¹Û²â 3 ¸öÄ¿±ê
2025-11-28 14:12:39 - MultiTargetOrchestrator - INFO - ¿ªÊ¼¹Û²âÄ¿±ê 1/3: NGC 1499
2025-11-28 14:12:39 - MultiTargetOrchestrator - INFO - [DRYRUN] ¿ªÊ¼Ö´ĞĞ NGC 1499 ¹Û²âÈÎÎñ
2025-11-28 14:12:40 - MultiTargetOrchestrator - INFO - NGC 1499 ¹Û²â¼Æ»®ÒÑÆô¶¯
2025-11-28 14:12:40 - MultiTargetOrchestrator - ERROR - ¼à¿Ø NGC 1499 Ê±³ö´í: NewMultiTargetOrchestrator._on_observation_status() missing 1 required positional argument: 'data'
2025-11-28 14:12:40 - MultiTargetOrchestrator - ERROR - ¼à¿Ø NGC 1499 Ê±³ö´í: NewMultiTargetOrchestrator._on_observation_status() missing 1 required positional argument: 'data'
2025-11-28 14:12:40 - MultiTargetOrchestrator - ERROR - Ä¿±ê NGC 1499 ¹Û²âÊ§°Ü: NewMultiTargetOrchestrator._on_observation_status() missing 1 required positional argument: 'data'
2025-11-28 14:12:40 - MultiTargetOrchestrator - INFO - ¿ªÊ¼¹Û²âÄ¿±ê 2/3: M 31
2025-11-28 14:12:40 - MultiTargetOrchestrator - INFO - [DRYRUN] ¿ªÊ¼Ö´ĞĞ M 31 ¹Û²âÈÎÎñ
2025-11-28 14:12:41 - MultiTargetOrchestrator - INFO - M 31 ¹Û²â¼Æ»®ÒÑÆô¶¯
2025-11-28 14:12:41 - MultiTargetOrchestrator - ERROR - ¼à¿Ø M 31 Ê±³ö´í: NewMultiTargetOrchestrator._on_observation_status() missing 1 required positional argument: 'data'
2025-11-28 14:12:41 - MultiTargetOrchestrator - ERROR - ¼à¿Ø M 31 Ê±³ö´í: NewMultiTargetOrchestrator._on_observation_status() missing 1 required positional argument: 'data'
2025-11-28 14:12:41 - MultiTargetOrchestrator - ERROR - Ä¿±ê M 31 ¹Û²âÊ§°Ü: NewMultiTargetOrchestrator._on_observation_status() missing 1 required positional argument: 'data'
2025-11-28 14:12:41 - MultiTargetOrchestrator - INFO - ¿ªÊ¼¹Û²âÄ¿±ê 3/3: M 33
2025-11-28 14:12:41 - MultiTargetOrchestrator - INFO - [DRYRUN] ¿ªÊ¼Ö´ĞĞ M 33 ¹Û²âÈÎÎñ
2025-11-28 14:12:42 - MultiTargetOrchestrator - INFO - M 33 ¹Û²â¼Æ»®ÒÑÆô¶¯
2025-11-28 14:12:42 - MultiTargetOrchestrator - ERROR - ¼à¿Ø M 33 Ê±³ö´í: NewMultiTargetOrchestrator._on_observation_status() missing 1 required positional argument: 'data'
2025-11-28 14:12:42 - MultiTargetOrchestrator - ERROR - ¼à¿Ø M 33 Ê±³ö´í: NewMultiTargetOrchestrator._on_observation_status() missing 1 required positional argument: 'data'
2025-11-28 14:12:42 - MultiTargetOrchestrator - ERROR - Ä¿±ê M 33 ¹Û²âÊ§°Ü: NewMultiTargetOrchestrator._on_observation_status() missing 1 required positional argument: 'data'
2025-11-28 14:12:42 - MultiTargetOrchestrator - INFO - ¹Û²âĞòÁĞÍê³É: ³É¹¦ 0 ¸ö, Ê§°Ü 3 ¸ö
2025-11-28 14:12:42 - MultiTargetOrchestrator - INFO - ÕıÔÚÇåÀí×ÊÔ´...
2025-11-28 14:12:42 - MultiTargetOrchestrator - INFO - ¶àÄ¿±ê¹Û²âĞ­µ÷Æ÷¹Ø±Õ
2025-11-28 14:13:25 - MultiTargetOrchestrator - INFO - ÕıÔÚ³õÊ¼»¯¶àÄ¿±ê¹Û²âĞ­µ÷Æ÷...
2025-11-28 14:13:25 - MultiTargetOrchestrator - INFO - ¶àÄ¿±ê¹Û²âĞ­µ÷Æ÷³õÊ¼»¯Íê³É
2025-11-28 14:13:25 - MultiTargetOrchestrator - INFO - ¶àÄ¿±ê×Ô¶¯¹Û²âÏµÍ³Æô¶¯
2025-11-28 14:13:25 - MultiTargetOrchestrator - INFO - ¿ªÊ¼Ö´ĞĞ¹Û²âĞòÁĞ...
2025-11-28 14:13:25 - MultiTargetOrchestrator - INFO - ÕıÔÚ¼ÆËãµ÷¶ÈÕªÒª...
2025-11-28 14:13:25 - MultiTargetOrchestrator - INFO - ÕıÔÚÑéÖ¤Ä¿±êÁĞ±í...
2025-11-28 14:13:25 - MultiTargetOrchestrator - INFO - Ä¿±ê NGC 1499: ¿É¹Û²âĞÔ=True, Ê±¼äÓĞĞ§=True
2025-11-28 14:13:25 - MultiTargetOrchestrator - INFO - Ä¿±ê M 31: ¿É¹Û²âĞÔ=False, Ê±¼äÓĞĞ§=True
2025-11-28 14:13:25 - MultiTargetOrchestrator - INFO - Ä¿±ê M 33: ¿É¹Û²âĞÔ=False, Ê±¼äÓĞĞ§=True
2025-11-28 14:13:25 - MultiTargetOrchestrator - INFO - ¹Û²âµ÷¶ÈÕªÒª: ×ÜÄ¿±ê 3 ¸ö£¬¿É¹Û²â 1 ¸ö - Ê±¼ä·¶Î§: 2025-11-28 14:13 µ½ 2025-11-28 14:13 (³ÖĞø 0.0 Ğ¡Ê±)
2025-11-28 14:13:25 - MultiTargetOrchestrator - INFO - ¼Æ»®¹Û²â 3 ¸öÄ¿±ê
2025-11-28 14:13:25 - MultiTargetOrchestrator - INFO - ¿ªÊ¼¹Û²âÄ¿±ê 1/3: NGC 1499
2025-11-28 14:13:25 - MultiTargetOrchestrator - INFO - [DRYRUN] ¿ªÊ¼Ö´ĞĞ NGC 1499 ¹Û²âÈÎÎñ
2025-11-28 14:13:26 - MultiTargetOrchestrator - INFO - NGC 1499 ¹Û²â¼Æ»®ÒÑÆô¶¯
2025-11-28 14:13:26 - MultiTargetOrchestrator - INFO - Ä¿±ê NGC 1499 ¹Û²âÍê³É
2025-11-28 14:13:26 - MultiTargetOrchestrator - INFO - ¿ªÊ¼¹Û²âÄ¿±ê 2/3: M 31
2025-11-28 14:13:26 - MultiTargetOrchestrator - INFO - [DRYRUN] ¿ªÊ¼Ö´ĞĞ M 31 ¹Û²âÈÎÎñ
2025-11-28 14:13:27 - MultiTargetOrchestrator - INFO - M 31 ¹Û²â¼Æ»®ÒÑÆô¶¯
2025-11-28 14:13:27 - MultiTargetOrchestrator - INFO - Ä¿±ê M 31 ¹Û²âÍê³É
2025-11-28 14:13:27 - MultiTargetOrchestrator - INFO - ¿ªÊ¼¹Û²âÄ¿±ê 3/3: M 33
2025-11-28 14:13:27 - MultiTargetOrchestrator - INFO - [DRYRUN] ¿ªÊ¼Ö´ĞĞ M 33 ¹Û²âÈÎÎñ
2025-11-28 14:13:28 - MultiTargetOrchestrator - INFO - M 33 ¹Û²â¼Æ»®ÒÑÆô¶¯
2025-11-28 14:13:28 - MultiTargetOrchestrator - INFO - Ä¿±ê M 33 ¹Û²âÍê³É
2025-11-28 14:13:28 - MultiTargetOrchestrator - INFO - ¹Û²âĞòÁĞÍê³É: ³É¹¦ 3 ¸ö, Ê§°Ü 0 ¸ö
2025-11-28 14:13:28 - MultiTargetOrchestrator - INFO - ÕıÔÚÇåÀí×ÊÔ´...
2025-11-28 14:13:28 - MultiTargetOrchestrator - INFO - ¶àÄ¿±ê¹Û²âĞ­µ÷Æ÷¹Ø±Õ
2025-11-28 14:13:40 - MultiTargetOrchestrator - INFO - ÕıÔÚ³õÊ¼»¯¶àÄ¿±ê¹Û²âĞ­µ÷Æ÷...
2025-11-28 14:13:40 - MultiTargetOrchestrator - INFO - ¶àÄ¿±ê¹Û²âĞ­µ÷Æ÷³õÊ¼»¯Íê³É
2025-11-28 14:13:40 - MultiTargetOrchestrator - INFO - ÕıÔÚÑéÖ¤Ä¿±êÁĞ±í...
2025-11-28 14:13:40 - MultiTargetOrchestrator - INFO - Ä¿±ê NGC 1499: ¿É¹Û²âĞÔ=True, Ê±¼äÓĞĞ§=True
2025-11-28 14:13:40 - MultiTargetOrchestrator - INFO - Ä¿±ê M 31: ¿É¹Û²âĞÔ=False, Ê±¼äÓĞĞ§=True
2025-11-28 14:13:40 - MultiTargetOrchestrator - INFO - Ä¿±ê M 33: ¿É¹Û²âĞÔ=False, Ê±¼äÓĞĞ§=True
2025-11-28 14:13:40 - MultiTargetOrchestrator - INFO - ÕıÔÚ¼ÆËãµ÷¶ÈÕªÒª...
2025-11-28 14:13:40 - MultiTargetOrchestrator - INFO - ÕıÔÚÑéÖ¤Ä¿±êÁĞ±í...
2025-11-28 14:13:40 - MultiTargetOrchestrator - INFO - Ä¿±ê NGC 1499: ¿É¹Û²âĞÔ=True, Ê±¼äÓĞĞ§=True
2025-11-28 14:13:40 - MultiTargetOrchestrator - INFO - Ä¿±ê M 31: ¿É¹Û²âĞÔ=False, Ê±¼äÓĞĞ§=True
2025-11-28 14:13:40 - MultiTargetOrchestrator - INFO - Ä¿±ê M 33: ¿É¹Û²âĞÔ=False, Ê±¼äÓĞĞ§=True
2025-11-28 14:13:40 - MultiTargetOrchestrator - INFO - ¹Û²âµ÷¶ÈÕªÒª: ×ÜÄ¿±ê 3 ¸ö£¬¿É¹Û²â 1 ¸ö - Ê±¼ä·¶Î§: 2025-11-28 14:13 µ½ 2025-11-28 14:13 (³ÖĞø 0.0 Ğ¡Ê±)
2025-11-28 14:14:56 - MultiTargetOrchestrator - INFO - ÕıÔÚ³õÊ¼»¯¶àÄ¿±ê¹Û²âĞ­µ÷Æ÷...
2025-11-28 14:14:56 - MultiTargetOrchestrator - INFO - ¶àÄ¿±ê¹Û²âĞ­µ÷Æ÷³õÊ¼»¯Íê³É
2025-11-28 14:14:56 - MultiTargetOrchestrator - INFO - ¶àÄ¿±ê×Ô¶¯¹Û²âÏµÍ³Æô¶¯
2025-11-28 14:14:56 - MultiTargetOrchestrator - INFO - ¿ªÊ¼Ö´ĞĞ¹Û²âĞòÁĞ...
2025-11-28 14:14:56 - MultiTargetOrchestrator - INFO - ÕıÔÚ¼ÆËãµ÷¶ÈÕªÒª...
2025-11-28 14:14:56 - MultiTargetOrchestrator - INFO - ÕıÔÚÑéÖ¤Ä¿±êÁĞ±í...
2025-11-28 14:14:56 - MultiTargetOrchestrator - INFO - Ä¿±ê NGC 1499: ¿É¹Û²âĞÔ=True, Ê±¼äÓĞĞ§=True
2025-11-28 14:14:56 - MultiTargetOrchestrator - INFO - Ä¿±ê M 31: ¿É¹Û²âĞÔ=False, Ê±¼äÓĞĞ§=True
2025-11-28 14:14:56 - MultiTargetOrchestrator - INFO - Ä¿±ê M 33: ¿É¹Û²âĞÔ=False, Ê±¼äÓĞĞ§=True
2025-11-28 14:14:56 - MultiTargetOrchestrator - INFO - ¹Û²âµ÷¶ÈÕªÒª: ×ÜÄ¿±ê 3 ¸ö£¬¿É¹Û²â 1 ¸ö - Ê±¼ä·¶Î§: 2025-11-28 14:14 µ½ 2025-11-28 14:14 (³ÖĞø 0.0 Ğ¡Ê±)
2025-11-28 14:14:56 - MultiTargetOrchestrator - INFO - ¼Æ»®¹Û²â 3 ¸öÄ¿±ê
2025-11-28 14:14:59 - MultiTargetOrchestrator - INFO - ¿ªÊ¼¹Û²âÄ¿±ê 1/3: NGC 1499
2025-11-28 14:14:59 - MultiTargetOrchestrator - INFO - ¿ªÊ¼Ö´ĞĞ NGC 1499 ¹Û²âÈÎÎñ
2025-11-28 14:15:05 - MultiTargetOrchestrator - ERROR - NGC 1499 ¹Û²â¼Æ»®Æô¶¯Ê§°Ü
2025-11-28 14:15:05 - MultiTargetOrchestrator - ERROR - Ä¿±ê NGC 1499 ¹Û²âÖ´ĞĞÊ§°Ü
2025-11-28 14:15:05 - MultiTargetOrchestrator - INFO - ¿ªÊ¼¹Û²âÄ¿±ê 2/3: M 31
2025-11-28 14:15:05 - MultiTargetOrchestrator - INFO - ¿ªÊ¼Ö´ĞĞ M 31 ¹Û²âÈÎÎñ
2025-11-28 14:15:10 - MultiTargetOrchestrator - ERROR - M 31 ¹Û²â¼Æ»®Æô¶¯Ê§°Ü
2025-11-28 14:15:10 - MultiTargetOrchestrator - ERROR - Ä¿±ê M 31 ¹Û²âÖ´ĞĞÊ§°Ü
2025-11-28 14:15:10 - MultiTargetOrchestrator - INFO - ¿ªÊ¼¹Û²âÄ¿±ê 3/3: M 33
2025-11-28 14:15:10 - MultiTargetOrchestrator - INFO - ¿ªÊ¼Ö´ĞĞ M 33 ¹Û²âÈÎÎñ
2025-11-28 14:15:15 - MultiTargetOrchestrator - ERROR - M 33 ¹Û²â¼Æ»®Æô¶¯Ê§°Ü
2025-11-28 14:15:15 - MultiTargetOrchestrator - ERROR - Ä¿±ê M 33 ¹Û²âÖ´ĞĞÊ§°Ü
2025-11-28 14:15:15 - MultiTargetOrchestrator - INFO - ¹Û²âĞòÁĞÍê³É: ³É¹¦ 0 ¸ö, Ê§°Ü 3 ¸ö
2025-11-28 14:15:15 - MultiTargetOrchestrator - INFO - ÕıÔÚÇåÀí×ÊÔ´...
2025-11-28 14:15:15 - MultiTargetOrchestrator - INFO - ¶àÄ¿±ê¹Û²âĞ­µ÷Æ÷¹Ø±Õ
2025-11-28 14:15:46 - MultiTargetOrchestrator - INFO - ÕıÔÚ³õÊ¼»¯¶àÄ¿±ê¹Û²âĞ­µ÷Æ÷...
2025-11-28 14:15:46 - MultiTargetOrchestrator - INFO - ¶àÄ¿±ê¹Û²âĞ­µ÷Æ÷³õÊ¼»¯Íê³É
2025-11-28 14:15:46 - MultiTargetOrchestrator - INFO - ¶àÄ¿±ê×Ô¶¯¹Û²âÏµÍ³Æô¶¯
2025-11-28 14:15:46 - MultiTargetOrchestrator - INFO - ¿ªÊ¼Ö´ĞĞ¹Û²âĞòÁĞ...
2025-11-28 14:15:46 - MultiTargetOrchestrator - INFO - ÕıÔÚ¼ÆËãµ÷¶ÈÕªÒª...
2025-11-28 14:15:46 - MultiTargetOrchestrator - INFO - ÕıÔÚÑéÖ¤Ä¿±êÁĞ±í...
2025-11-28 14:15:46 - MultiTargetOrchestrator - INFO - Ä¿±ê NGC 1499: ¿É¹Û²âĞÔ=True, Ê±¼äÓĞĞ§=True
2025-11-28 14:15:46 - MultiTargetOrchestrator - INFO - Ä¿±ê M 31: ¿É¹Û²âĞÔ=False, Ê±¼äÓĞĞ§=True
2025-11-28 14:15:46 - MultiTargetOrchestrator - INFO - Ä¿±ê M 33: ¿É¹Û²âĞÔ=False, Ê±¼äÓĞĞ§=True
2025-11-28 14:15:46 - MultiTargetOrchestrator - INFO - ¹Û²âµ÷¶ÈÕªÒª: ×ÜÄ¿±ê 3 ¸ö£¬¿É¹Û²â 1 ¸ö - Ê±¼ä·¶Î§: 2025-11-28 14:15 µ½ 2025-11-28 14:15 (³ÖĞø 0.0 Ğ¡Ê±)
2025-11-28 14:15:46 - MultiTargetOrchestrator - INFO - ¼Æ»®¹Û²â 3 ¸öÄ¿±ê
2025-11-28 14:15:49 - MultiTargetOrchestrator - INFO - ¿ªÊ¼¹Û²âÄ¿±ê 1/3: NGC 1499
2025-11-28 14:17:00 - MultiTargetOrchestrator - INFO - ¿ªÊ¼Ö´ĞĞ NGC 1499 ¹Û²âÈÎÎñ
2025-11-28 14:17:05 - MultiTargetOrchestrator - ERROR - NGC 1499 ¹Û²â¼Æ»®Æô¶¯Ê§°Ü
2025-11-28 14:17:05 - MultiTargetOrchestrator - ERROR - Ä¿±ê NGC 1499 ¹Û²âÖ´ĞĞÊ§°Ü
2025-11-28 14:17:05 - MultiTargetOrchestrator - INFO - ¿ªÊ¼¹Û²âÄ¿±ê 2/3: M 31
2025-11-28 14:18:00 - MultiTargetOrchestrator - INFO - ¿ªÊ¼Ö´ĞĞ M 31 ¹Û²âÈÎÎñ
2025-11-28 14:18:05 - MultiTargetOrchestrator - ERROR - M 31 ¹Û²â¼Æ»®Æô¶¯Ê§°Ü
2025-11-28 14:18:05 - MultiTargetOrchestrator - ERROR - Ä¿±ê M 31 ¹Û²âÖ´ĞĞÊ§°Ü
2025-11-28 14:18:05 - MultiTargetOrchestrator - INFO - ¿ªÊ¼¹Û²âÄ¿±ê 3/3: M 33
2025-11-28 14:19:00 - MultiTargetOrchestrator - INFO - ¿ªÊ¼Ö´ĞĞ M 33 ¹Û²âÈÎÎñ
2025-11-28 14:19:05 - MultiTargetOrchestrator - ERROR - M 33 ¹Û²â¼Æ»®Æô¶¯Ê§°Ü
2025-11-28 14:19:05 - MultiTargetOrchestrator - ERROR - Ä¿±ê M 33 ¹Û²âÖ´ĞĞÊ§°Ü
2025-11-28 14:19:05 - MultiTargetOrchestrator - INFO - ¹Û²âĞòÁĞÍê³É: ³É¹¦ 0 ¸ö, Ê§°Ü 3 ¸ö
2025-11-28 14:19:05 - MultiTargetOrchestrator - INFO - ÕıÔÚÇåÀí×ÊÔ´...
2025-11-28 14:19:05 - MultiTargetOrchestrator - INFO - ¶àÄ¿±ê¹Û²âĞ­µ÷Æ÷¹Ø±Õ
2025-11-28 14:22:29 - MultiTargetOrchestrator - INFO - ÕıÔÚ³õÊ¼»¯¶àÄ¿±ê¹Û²âĞ­µ÷Æ÷...
2025-11-28 14:22:29 - MultiTargetOrchestrator - INFO - ¶àÄ¿±ê¹Û²âĞ­µ÷Æ÷³õÊ¼»¯Íê³É
2025-11-28 14:22:29 - MultiTargetOrchestrator - INFO - ¶àÄ¿±ê×Ô¶¯¹Û²âÏµÍ³Æô¶¯
2025-11-28 14:22:29 - MultiTargetOrchestrator - INFO - ¿ªÊ¼Ö´ĞĞ¹Û²âĞòÁĞ...
2025-11-28 14:22:29 - MultiTargetOrchestrator - INFO - ÕıÔÚ¼ÆËãµ÷¶ÈÕªÒª...
2025-11-28 14:22:29 - MultiTargetOrchestrator - INFO - ÕıÔÚÑéÖ¤Ä¿±êÁĞ±í...
2025-11-28 14:22:29 - MultiTargetOrchestrator - INFO - Ä¿±ê NGC 1499: ¿É¹Û²âĞÔ=True, Ê±¼äÓĞĞ§=True
2025-11-28 14:22:29 - MultiTargetOrchestrator - INFO - Ä¿±ê M 31: ¿É¹Û²âĞÔ=False, Ê±¼äÓĞĞ§=True
2025-11-28 14:22:29 - MultiTargetOrchestrator - INFO - Ä¿±ê M 33: ¿É¹Û²âĞÔ=False, Ê±¼äÓĞĞ§=True
2025-11-28 14:22:29 - MultiTargetOrchestrator - INFO - ¹Û²âµ÷¶ÈÕªÒª: ×ÜÄ¿±ê 3 ¸ö£¬¿É¹Û²â 1 ¸ö - Ê±¼ä·¶Î§: 2025-11-28 14:22 µ½ 2025-11-28 14:22 (³ÖĞø 0.0 Ğ¡Ê±)
2025-11-28 14:22:29 - MultiTargetOrchestrator - INFO - ¼Æ»®¹Û²â 3 ¸öÄ¿±ê
2025-11-28 14:22:33 - MultiTargetOrchestrator - INFO - ¿ªÊ¼¹Û²âÄ¿±ê 1/3: NGC 1499
2025-11-28 14:22:33 - MultiTargetOrchestrator - INFO - ¿ªÊ¼Ö´ĞĞ NGC 1499 ¹Û²âÈÎÎñ
2025-11-28 14:22:38 - MultiTargetOrchestrator - ERROR - NGC 1499 ¹Û²â¼Æ»®Æô¶¯Ê§°Ü
2025-11-28 14:22:38 - MultiTargetOrchestrator - ERROR - Ä¿±ê NGC 1499 ¹Û²âÖ´ĞĞÊ§°Ü
2025-11-28 14:22:38 - MultiTargetOrchestrator - INFO - ¿ªÊ¼¹Û²âÄ¿±ê 2/3: M 31
2025-11-28 14:22:38 - MultiTargetOrchestrator - INFO - ¿ªÊ¼Ö´ĞĞ M 31 ¹Û²âÈÎÎñ
2025-11-28 14:22:44 - MultiTargetOrchestrator - ERROR - M 31 ¹Û²â¼Æ»®Æô¶¯Ê§°Ü
2025-11-28 14:22:44 - MultiTargetOrchestrator - ERROR - Ä¿±ê M 31 ¹Û²âÖ´ĞĞÊ§°Ü
2025-11-28 14:22:44 - MultiTargetOrchestrator - INFO - ¿ªÊ¼¹Û²âÄ¿±ê 3/3: M 33
2025-11-28 14:22:44 - MultiTargetOrchestrator - INFO - ¿ªÊ¼Ö´ĞĞ M 33 ¹Û²âÈÎÎñ
2025-11-28 14:22:49 - MultiTargetOrchestrator - ERROR - M 33 ¹Û²â¼Æ»®Æô¶¯Ê§°Ü
2025-11-28 14:22:49 - MultiTargetOrchestrator - ERROR - Ä¿±ê M 33 ¹Û²âÖ´ĞĞÊ§°Ü
2025-11-28 14:22:49 - MultiTargetOrchestrator - INFO - ¹Û²âĞòÁĞÍê³É: ³É¹¦ 0 ¸ö, Ê§°Ü 3 ¸ö
2025-11-28 14:22:49 - MultiTargetOrchestrator - INFO - ÕıÔÚÇåÀí×ÊÔ´...
2025-11-28 14:22:49 - MultiTargetOrchestrator - INFO - ¶àÄ¿±ê¹Û²âĞ­µ÷Æ÷¹Ø±Õ
2025-11-28 14:24:33 - MultiTargetOrchestrator - INFO - ÕıÔÚ³õÊ¼»¯¶àÄ¿±ê¹Û²âĞ­µ÷Æ÷...
2025-11-28 14:24:33 - MultiTargetOrchestrator - INFO - ¶àÄ¿±ê¹Û²âĞ­µ÷Æ÷³õÊ¼»¯Íê³É
2025-11-28 14:24:33 - MultiTargetOrchestrator - INFO - ¶àÄ¿±ê×Ô¶¯¹Û²âÏµÍ³Æô¶¯
2025-11-28 14:24:33 - MultiTargetOrchestrator - INFO - ¿ªÊ¼Ö´ĞĞ¹Û²âĞòÁĞ...
2025-11-28 14:24:33 - MultiTargetOrchestrator - INFO - ÕıÔÚ¼ÆËãµ÷¶ÈÕªÒª...
2025-11-28 14:24:33 - MultiTargetOrchestrator - INFO - ÕıÔÚÑéÖ¤Ä¿±êÁĞ±í...
2025-11-28 14:24:33 - MultiTargetOrchestrator - INFO - Ä¿±ê NGC 1499: ¿É¹Û²âĞÔ=True, Ê±¼äÓĞĞ§=True
2025-11-28 14:24:33 - MultiTargetOrchestrator - INFO - Ä¿±ê M 31: ¿É¹Û²âĞÔ=False, Ê±¼äÓĞĞ§=True
2025-11-28 14:24:33 - MultiTargetOrchestrator - INFO - Ä¿±ê M 33: ¿É¹Û²âĞÔ=False, Ê±¼äÓĞĞ§=True
2025-11-28 14:24:33 - MultiTargetOrchestrator - INFO - ¹Û²âµ÷¶ÈÕªÒª: ×ÜÄ¿±ê 3 ¸ö£¬¿É¹Û²â 1 ¸ö - Ê±¼ä·¶Î§: 2025-11-28 14:24 µ½ 2025-11-28 14:24 (³ÖĞø 0.0 Ğ¡Ê±)
2025-11-28 14:24:33 - MultiTargetOrchestrator - INFO - ¼Æ»®¹Û²â 3 ¸öÄ¿±ê
2025-11-28 14:24:37 - MultiTargetOrchestrator - INFO - ¿ªÊ¼¹Û²âÄ¿±ê 1/3: NGC 1499
2025-11-28 14:24:37 - MultiTargetOrchestrator - INFO - ¿ªÊ¼Ö´ĞĞ NGC 1499 ¹Û²âÈÎÎñ
2025-11-28 14:24:42 - MultiTargetOrchestrator - ERROR - NGC 1499 ¹Û²â¼Æ»®Æô¶¯Ê§°Ü
2025-11-28 14:24:42 - MultiTargetOrchestrator - ERROR - Ä¿±ê NGC 1499 ¹Û²âÖ´ĞĞÊ§°Ü
2025-11-28 14:24:42 - MultiTargetOrchestrator - INFO - ¿ªÊ¼¹Û²âÄ¿±ê 2/3: M 31
2025-11-28 14:24:42 - MultiTargetOrchestrator - INFO - ¿ªÊ¼Ö´ĞĞ M 31 ¹Û²âÈÎÎñ
2025-11-28 14:24:48 - MultiTargetOrchestrator - ERROR - M 31 ¹Û²â¼Æ»®Æô¶¯Ê§°Ü
2025-11-28 14:24:48 - MultiTargetOrchestrator - ERROR - Ä¿±ê M 31 ¹Û²âÖ´ĞĞÊ§°Ü
2025-11-28 14:24:48 - MultiTargetOrchestrator - INFO - ¿ªÊ¼¹Û²âÄ¿±ê 3/3: M 33
2025-11-28 14:24:48 - MultiTargetOrchestrator - INFO - ¿ªÊ¼Ö´ĞĞ M 33 ¹Û²âÈÎÎñ
2025-11-28 14:24:53 - MultiTargetOrchestrator - ERROR - M 33 ¹Û²â¼Æ»®Æô¶¯Ê§°Ü
2025-11-28 14:24:53 - MultiTargetOrchestrator - ERROR - Ä¿±ê M 33 ¹Û²âÖ´ĞĞÊ§°Ü
2025-11-28 14:24:53 - MultiTargetOrchestrator - INFO - ¹Û²âĞòÁĞÍê³É: ³É¹¦ 0 ¸ö, Ê§°Ü 3 ¸ö
2025-11-28 14:24:53 - MultiTargetOrchestrator - INFO - ÕıÔÚÇåÀí×ÊÔ´...
2025-11-28 14:24:53 - MultiTargetOrchestrator - INFO - ¶àÄ¿±ê¹Û²âĞ­µ÷Æ÷¹Ø±Õ
2025-11-28 14:27:43 - MultiTargetOrchestrator - INFO - ÕıÔÚ³õÊ¼»¯¶àÄ¿±ê¹Û²âĞ­µ÷Æ÷...
2025-11-28 14:27:43 - MultiTargetOrchestrator - INFO - ¶àÄ¿±ê¹Û²âĞ­µ÷Æ÷³õÊ¼»¯Íê³É
2025-11-28 14:27:43 - MultiTargetOrchestrator - INFO - ¶àÄ¿±ê×Ô¶¯¹Û²âÏµÍ³Æô¶¯
2025-11-28 14:27:43 - MultiTargetOrchestrator - INFO - ¿ªÊ¼Ö´ĞĞ¹Û²âĞòÁĞ...
2025-11-28 14:27:43 - MultiTargetOrchestrator - INFO - ÕıÔÚ¼ÆËãµ÷¶ÈÕªÒª...
2025-11-28 14:27:43 - MultiTargetOrchestrator - INFO - ÕıÔÚÑéÖ¤Ä¿±êÁĞ±í...
2025-11-28 14:27:43 - MultiTargetOrchestrator - INFO - Ä¿±ê NGC 1499: ¿É¹Û²âĞÔ=True, Ê±¼äÓĞĞ§=True
2025-11-28 14:27:43 - MultiTargetOrchestrator - INFO - Ä¿±ê M 31: ¿É¹Û²âĞÔ=False, Ê±¼äÓĞĞ§=True
2025-11-28 14:27:43 - MultiTargetOrchestrator - INFO - Ä¿±ê M 33: ¿É¹Û²âĞÔ=False, Ê±¼äÓĞĞ§=True
2025-11-28 14:27:43 - MultiTargetOrchestrator - INFO - ¹Û²âµ÷¶ÈÕªÒª: ×ÜÄ¿±ê 3 ¸ö£¬¿É¹Û²â 1 ¸ö - Ê±¼ä·¶Î§: 2025-11-28 14:27 µ½ 2025-11-28 14:27 (³ÖĞø 0.0 Ğ¡Ê±)
2025-11-28 14:27:43 - MultiTargetOrchestrator - INFO - ¼Æ»®¹Û²â 3 ¸öÄ¿±ê
2025-11-28 14:27:48 - MultiTargetOrchestrator - INFO - ¿ªÊ¼¹Û²âÄ¿±ê 1/3: NGC 1499
2025-11-28 14:27:48 - MultiTargetOrchestrator - INFO - ¿ªÊ¼Ö´ĞĞ NGC 1499 ¹Û²âÈÎÎñ
2025-11-28 14:27:54 - MultiTargetOrchestrator - ERROR - NGC 1499 ¹Û²â¼Æ»®Æô¶¯Ê§°Ü
2025-11-28 14:27:54 - MultiTargetOrchestrator - ERROR - Ä¿±ê NGC 1499 ¹Û²âÖ´ĞĞÊ§°Ü
2025-11-28 14:27:54 - MultiTargetOrchestrator - INFO - ¿ªÊ¼¹Û²âÄ¿±ê 2/3: M 31
2025-11-28 14:27:54 - MultiTargetOrchestrator - INFO - ¿ªÊ¼Ö´ĞĞ M 31 ¹Û²âÈÎÎñ
2025-11-28 14:28:00 - MultiTargetOrchestrator - ERROR - M 31 ¹Û²â¼Æ»®Æô¶¯Ê§°Ü
2025-11-28 14:28:00 - MultiTargetOrchestrator - ERROR - Ä¿±ê M 31 ¹Û²âÖ´ĞĞÊ§°Ü
2025-11-28 14:28:00 - MultiTargetOrchestrator - INFO - ¿ªÊ¼¹Û²âÄ¿±ê 3/3: M 33
2025-11-28 14:28:00 - MultiTargetOrchestrator - INFO - ¿ªÊ¼Ö´ĞĞ M 33 ¹Û²âÈÎÎñ
2025-11-28 14:28:06 - MultiTargetOrchestrator - ERROR - M 33 ¹Û²â¼Æ»®Æô¶¯Ê§°Ü
2025-11-28 14:28:06 - MultiTargetOrchestrator - ERROR - Ä¿±ê M 33 ¹Û²âÖ´ĞĞÊ§°Ü
2025-11-28 14:28:06 - MultiTargetOrchestrator - INFO - ¹Û²âĞòÁĞÍê³É: ³É¹¦ 0 ¸ö, Ê§°Ü 3 ¸ö
2025-11-28 14:28:06 - MultiTargetOrchestrator - INFO - ÕıÔÚÇåÀí×ÊÔ´...
2025-11-28 14:28:06 - MultiTargetOrchestrator - INFO - ¶àÄ¿±ê¹Û²âĞ­µ÷Æ÷¹Ø±Õ
2025-11-28 14:36:13 - MultiTargetOrchestrator - INFO - ÕıÔÚ³õÊ¼»¯¶àÄ¿±ê¹Û²âĞ­µ÷Æ÷...
2025-11-28 14:36:13 - MultiTargetOrchestrator - INFO - ¶àÄ¿±ê¹Û²âĞ­µ÷Æ÷³õÊ¼»¯Íê³É
2025-11-28 14:36:13 - MultiTargetOrchestrator - INFO - ¶àÄ¿±ê×Ô¶¯¹Û²âÏµÍ³Æô¶¯
2025-11-28 14:36:13 - MultiTargetOrchestrator - INFO - ¿ªÊ¼Ö´ĞĞ¹Û²âĞòÁĞ...
2025-11-28 14:36:13 - MultiTargetOrchestrator - INFO - ÕıÔÚ¼ÆËãµ÷¶ÈÕªÒª...
2025-11-28 14:36:13 - MultiTargetOrchestrator - INFO - ÕıÔÚÑéÖ¤Ä¿±êÁĞ±í...
2025-11-28 14:36:13 - MultiTargetOrchestrator - INFO - Ä¿±ê NGC 1499: ¿É¹Û²âĞÔ=True, Ê±¼äÓĞĞ§=True
2025-11-28 14:36:13 - MultiTargetOrchestrator - INFO - Ä¿±ê M 31: ¿É¹Û²âĞÔ=False, Ê±¼äÓĞĞ§=True
2025-11-28 14:36:13 - MultiTargetOrchestrator - INFO - Ä¿±ê M 33: ¿É¹Û²âĞÔ=False, Ê±¼äÓĞĞ§=True
2025-11-28 14:36:13 - MultiTargetOrchestrator - INFO - ¹Û²âµ÷¶ÈÕªÒª: ×ÜÄ¿±ê 3 ¸ö£¬¿É¹Û²â 1 ¸ö - Ê±¼ä·¶Î§: 2025-11-28 14:36 µ½ 2025-11-28 14:36 (³ÖĞø 0.0 Ğ¡Ê±)
2025-11-28 14:36:13 - MultiTargetOrchestrator - INFO - ¼Æ»®¹Û²â 3 ¸öÄ¿±ê
2025-11-28 14:36:18 - MultiTargetOrchestrator - INFO - ¿ªÊ¼¹Û²âÄ¿±ê 1/3: NGC 1499
2025-11-28 14:36:18 - MultiTargetOrchestrator - INFO - ¿ªÊ¼Ö´ĞĞ NGC 1499 ¹Û²âÈÎÎñ
2025-11-28 14:36:24 - MultiTargetOrchestrator - ERROR - NGC 1499 ¹Û²â¼Æ»®Æô¶¯Ê§°Ü
2025-11-28 14:36:24 - MultiTargetOrchestrator - ERROR - Ä¿±ê NGC 1499 ¹Û²âÖ´ĞĞÊ§°Ü
2025-11-28 14:36:24 - MultiTargetOrchestrator - INFO - ¿ªÊ¼¹Û²âÄ¿±ê 2/3: M 31
2025-11-28 14:36:24 - MultiTargetOrchestrator - INFO - ¿ªÊ¼Ö´ĞĞ M 31 ¹Û²âÈÎÎñ
2025-11-28 14:36:30 - MultiTargetOrchestrator - ERROR - M 31 ¹Û²â¼Æ»®Æô¶¯Ê§°Ü
2025-11-28 14:36:30 - MultiTargetOrchestrator - ERROR - Ä¿±ê M 31 ¹Û²âÖ´ĞĞÊ§°Ü
2025-11-28 14:36:30 - MultiTargetOrchestrator - INFO - ¿ªÊ¼¹Û²âÄ¿±ê 3/3: M 33
2025-11-28 14:36:30 - MultiTargetOrchestrator - INFO - ¿ªÊ¼Ö´ĞĞ M 33 ¹Û²âÈÎÎñ
2025-11-28 14:36:36 - MultiTargetOrchestrator - ERROR - M 33 ¹Û²â¼Æ»®Æô¶¯Ê§°Ü
2025-11-28 14:36:36 - MultiTargetOrchestrator - ERROR - Ä¿±ê M 33 ¹Û²âÖ´ĞĞÊ§°Ü
2025-11-28 14:36:36 - MultiTargetOrchestrator - INFO - ¹Û²âĞòÁĞÍê³É: ³É¹¦ 0 ¸ö, Ê§°Ü 3 ¸ö
2025-11-28 14:36:36 - MultiTargetOrchestrator - INFO - ÕıÔÚÇåÀí×ÊÔ´...
2025-11-28 14:36:36 - MultiTargetOrchestrator - INFO - ¶àÄ¿±ê¹Û²âĞ­µ÷Æ÷¹Ø±Õ
