2025-11-19 22:11:35 - ACPClient - INFO - 应用程序启动
2025-11-19 22:11:53 - ACPClient - INFO - 应用程序关闭
2025-11-19 22:20:03 - ACPClient - INFO - 应用程序启动
2025-11-19 22:20:06 - ACPClient - INFO - 应用程序关闭
2025-11-19 22:38:23 - ACPClient - INFO - 应用程序启动
2025-11-19 22:38:28 - ACPClient - INFO - 开始连接到ACP服务器
2025-11-19 22:38:28 - ACPClient - DEBUG - 连接参数 - URL: http://27056t89i6.wicp.vip:1011, User: share
2025-11-19 22:38:32 - ACPClient - INFO - 成功连接到ACP服务器
2025-11-19 22:38:34 - ACPClient - DEBUG - 开始检查系统状态
2025-11-19 22:38:34 - ACPClient - INFO - 系统状态更新 - 天文台: Offline, 望远镜: Offline
2025-11-19 22:38:48 - ACPClient - INFO - 应用程序关闭
2025-11-19 22:43:03 - ACPClient - INFO - 应用程序启动
2025-11-19 22:52:29 - ACPClient - INFO - 应用程序关闭
2025-11-19 22:54:39 - ACPClient - INFO - 成功连接到服务器: http://27056t89i6.wicp.vip:1011
2025-11-19 22:54:41 - ACPClient - INFO - 观测站: @wnOffline | 望远镜: @wnOffline | 相机: @wnOffline
2025-11-19 22:54:46 - ACPClient - INFO - 观测站: @wnOffline | 望远镜: @wnOffline | 相机: @wnOffline
2025-11-19 22:54:50 - ACPClient - INFO - 观测站: @wnOffline | 望远镜: @wnOffline | 相机: @wnOffline
2025-11-19 22:54:57 - ACPClient - INFO - 添加目标到队列: M 31, 开始时间: 2025-11-19 22:54:23
2025-11-19 22:55:28 - ACPClient - INFO - 清空目标队列
2025-11-19 23:22:09 - ACPClient - INFO - 应用程序启动
2025-11-19 23:22:11 - ACPClient - INFO - 应用程序关闭
2025-11-19 23:37:19 - AutoObserve_NGC1499 - INFO - 成功连接到ACP服务器: http://27056t89i6.wicp.vip:1011
2025-11-19 23:37:19 - AutoObserve_NGC1499 - INFO - 到达预定时间，开始执行NGC 1499观测任务
2025-11-19 23:37:20 - AutoObserve_NGC1499 - INFO - 成功停止当前脚本
2025-11-19 23:37:26 - AutoObserve_NGC1499 - ERROR - 成像计划启动失败
2025-11-19 23:37:26 - AutoObserve_NGC1499 - INFO - 自动观测脚本执行完成
2025-11-19 23:37:57 - AutoObserve_NGC1499 - INFO - 成功连接到ACP服务器: http://27056t89i6.wicp.vip:1011
2025-11-19 23:39:00 - AutoObserve_NGC1499 - INFO - 到达预定时间，开始执行NGC 1499观测任务
2025-11-19 23:39:00 - AutoObserve_NGC1499 - INFO - 成功停止当前脚本
2025-11-19 23:39:06 - AutoObserve_NGC1499 - ERROR - 成像计划启动失败
2025-11-19 23:39:06 - AutoObserve_NGC1499 - INFO - 自动观测脚本执行完成
