2025-11-28 10:42:17 - AutoObserve_NGC1499 - INFO - 成功连接到ACP服务器: http://27056t89i6.wicp.vip:1011
2025-11-28 10:43:07 - AutoObserve_NGC1499 - INFO - ==================================================
2025-11-28 10:43:07 - AutoObserve_NGC1499 - INFO - 启动 DRYRUN 模式 - 仅模拟运行
2025-11-28 10:43:07 - AutoObserve_NGC1499 - INFO - ==================================================
2025-11-28 10:43:07 - AutoObserve_NGC1499 - INFO - [DRYRUN] 模拟连接到ACP服务器: http://27056t89i6.wicp.vip:1011
2025-11-28 10:43:07 - AutoObserve_NGC1499 - INFO - [DRYRUN] 到达停止时间，准备停止当前计划
2025-11-28 10:43:07 - AutoObserve_NGC1499 - INFO - [DRYRUN] 模拟停止当前脚本
2025-11-28 10:43:07 - AutoObserve_NGC1499 - INFO - [DRYRUN] 到达启动时间，开始执行NGC 1499观测任务
2025-11-28 10:43:07 - AutoObserve_NGC1499 - INFO - [DRYRUN] 模拟停止当前脚本
2025-11-28 10:43:07 - AutoObserve_NGC1499 - INFO - [DRYRUN] 模拟启动NGC 1499成像计划: H-alpha:30x600s
2025-11-28 10:43:07 - AutoObserve_NGC1499 - INFO - [DRYRUN] 自动观测脚本执行完成
2025-11-28 10:44:47 - AutoObserve_NGC1499 - INFO - 成功连接到ACP服务器: http://27056t89i6.wicp.vip:1011
2025-11-28 10:45:00 - AutoObserve_NGC1499 - INFO - 到达停止时间，准备停止当前计划
2025-11-28 10:45:05 - AutoObserve_NGC1499 - INFO - 成功停止当前脚本
2025-11-28 10:46:00 - AutoObserve_NGC1499 - INFO - 到达启动时间，开始执行NGC 1499观测任务
2025-11-28 10:46:06 - AutoObserve_NGC1499 - INFO - 成功停止当前脚本
2025-11-28 10:46:07 - AutoObserve_NGC1499 - ERROR - 成像计划启动失败
2025-11-28 10:46:07 - AutoObserve_NGC1499 - INFO - 自动观测脚本执行完成
2025-11-28 10:50:25 - AutoObserve_NGC1499 - INFO - 成功连接到ACP服务器: http://27056t89i6.wicp.vip:1011
2025-11-28 10:50:25 - AutoObserve_NGC1499 - INFO - 到达停止时间，准备停止当前计划
2025-11-28 10:50:30 - AutoObserve_NGC1499 - INFO - 成功停止当前脚本
2025-11-28 10:50:30 - AutoObserve_NGC1499 - INFO - 到达启动时间，开始执行NGC 1499观测任务
2025-11-28 10:50:36 - AutoObserve_NGC1499 - INFO - 成功停止当前脚本
2025-11-28 10:50:36 - AutoObserve_NGC1499 - ERROR - 成像计划启动失败
2025-11-28 10:50:36 - AutoObserve_NGC1499 - INFO - 自动观测脚本执行完成
2025-11-28 10:51:18 - AutoObserve_NGC1499 - INFO - 成功连接到ACP服务器: http://27056t89i6.wicp.vip:1011
2025-11-28 10:51:18 - AutoObserve_NGC1499 - INFO - 到达停止时间，准备停止当前计划
2025-11-28 10:51:23 - AutoObserve_NGC1499 - INFO - 成功停止当前脚本
2025-11-28 10:51:23 - AutoObserve_NGC1499 - INFO - 到达启动时间，开始执行NGC 1499观测任务
2025-11-28 10:51:28 - AutoObserve_NGC1499 - INFO - 成功停止当前脚本
2025-11-28 10:51:29 - AutoObserve_NGC1499 - ERROR - 成像计划启动失败
2025-11-28 10:51:29 - AutoObserve_NGC1499 - INFO - 自动观测脚本执行完成
2025-11-28 11:01:09 - AutoObserve_NGC1499 - INFO - 成功连接到ACP服务器: http://27056t89i6.wicp.vip:1011
2025-11-28 11:01:09 - AutoObserve_NGC1499 - INFO - 到达停止时间，准备停止当前计划
2025-11-28 11:01:14 - AutoObserve_NGC1499 - INFO - 成功停止当前脚本
2025-11-28 11:01:14 - AutoObserve_NGC1499 - INFO - 到达启动时间，开始执行NGC 1499观测任务
2025-11-28 11:01:19 - AutoObserve_NGC1499 - INFO - 成功停止当前脚本
2025-11-28 11:01:20 - AutoObserve_NGC1499 - ERROR - 成像计划启动失败
2025-11-28 11:01:20 - AutoObserve_NGC1499 - INFO - 自动观测脚本执行完成
2025-11-28 11:02:52 - AutoObserve_NGC1499 - INFO - 成功连接到ACP服务器: http://27056t89i6.wicp.vip:1011
2025-11-28 11:03:15 - AutoObserve_NGC1499 - INFO - 成功连接到ACP服务器: http://27056t89i6.wicp.vip:1011
2025-11-28 11:04:02 - AutoObserve_NGC1499 - INFO - 成功连接到ACP服务器: http://27056t89i6.wicp.vip:1011
2025-11-28 11:04:02 - AutoObserve_NGC1499 - INFO - 到达停止时间，准备停止当前计划
2025-11-28 11:04:07 - AutoObserve_NGC1499 - INFO - 成功停止当前脚本
2025-11-28 11:04:07 - AutoObserve_NGC1499 - INFO - 到达启动时间，开始执行NGC 1499观测任务
2025-11-28 11:04:12 - AutoObserve_NGC1499 - INFO - 成功停止当前脚本
2025-11-28 11:04:13 - AutoObserve_NGC1499 - ERROR - 成像计划启动失败
2025-11-28 11:04:13 - AutoObserve_NGC1499 - INFO - 观测计划已启动
2025-11-28 11:04:13 - AutoObserve_NGC1499 - INFO - 开始状态监控（每30秒刷新）
2025-11-28 11:04:13 - AutoObserve_NGC1499 - WARNING - [2025-11-28 11:04:13] 状态检测失败: 'ACPManager' object has no attribute 'acp'
2025-11-28 11:04:22 - AutoObserve_NGC1499 - INFO - 状态监控被用户中断
2025-11-28 11:04:22 - AutoObserve_NGC1499 - INFO - 自动观测脚本执行完成
2025-11-28 11:06:20 - AutoObserve_NGC1499 - INFO - 成功连接到ACP服务器: http://27056t89i6.wicp.vip:1011
2025-11-28 11:06:20 - AutoObserve_NGC1499 - INFO - 到达停止时间，准备停止当前计划
2025-11-28 11:06:26 - AutoObserve_NGC1499 - INFO - 成功停止当前脚本
2025-11-28 11:06:26 - AutoObserve_NGC1499 - INFO - 到达启动时间，开始执行NGC 1499观测任务
2025-11-28 11:06:31 - AutoObserve_NGC1499 - INFO - 成功停止当前脚本
2025-11-28 11:06:32 - AutoObserve_NGC1499 - ERROR - 成像计划启动失败
2025-11-28 11:06:32 - AutoObserve_NGC1499 - INFO - 观测计划已启动
2025-11-28 11:06:32 - AutoObserve_NGC1499 - INFO - 开始状态监控（每30秒刷新）
2025-11-28 11:06:32 - AutoObserve_NGC1499 - WARNING - [2025-11-28 11:06:32] 状态检测失败: 无法访问 ACP 对象
2025-11-28 11:07:02 - AutoObserve_NGC1499 - WARNING - [2025-11-28 11:07:02] 状态检测失败: 无法访问 ACP 对象
2025-11-28 11:07:13 - AutoObserve_NGC1499 - INFO - 状态监控被用户中断
2025-11-28 11:07:13 - AutoObserve_NGC1499 - INFO - 自动观测脚本执行完成
