2025-11-28 16:16:43 - MultiTargetOrchestrator - INFO - 正在初始化多目标观测协调器...
2025-11-28 16:16:43 - MultiTargetOrchestrator - INFO - 多目标观测协调器初始化完成
2025-11-28 16:16:43 - MultiTargetOrchestrator - INFO - 正在验证目标列表...
2025-11-28 16:16:43 - MultiTargetOrchestrator - INFO - 目标 NGC 1499: 可观测性=True, 时间有效=True
2025-11-28 16:16:43 - MultiTargetOrchestrator - INFO - 目标 M 31: 可观测性=False, 时间有效=True
2025-11-28 16:16:43 - MultiTargetOrchestrator - INFO - 目标 M 33: 可观测性=False, 时间有效=True
2025-11-28 22:46:00 - MultiTargetOrchestrator - INFO - 正在初始化多目标观测协调器...
2025-11-28 22:46:00 - MultiTargetOrchestrator - ERROR - 初始化失败: attempted relative import beyond top-level package
2025-11-28 22:46:23 - MultiTargetOrchestrator - INFO - 正在初始化多目标观测协调器...
2025-11-28 22:46:23 - MultiTargetOrchestrator - INFO - 多目标观测协调器初始化完成
2025-11-28 22:46:23 - MultiTargetOrchestrator - INFO - 多目标自动观测系统启动
2025-11-28 22:46:23 - MultiTargetOrchestrator - INFO - 开始执行观测序列...
2025-11-28 22:46:23 - MultiTargetOrchestrator - INFO - 正在计算调度摘要...
2025-11-28 22:46:23 - MultiTargetOrchestrator - INFO - 正在验证目标列表...
2025-11-28 22:46:23 - MultiTargetOrchestrator - INFO - 目标 IC 1871: 可观测性=True, 时间有效=True
2025-11-28 22:46:23 - MultiTargetOrchestrator - INFO - 目标 ic 405: 可观测性=True, 时间有效=True
2025-11-28 22:46:23 - MultiTargetOrchestrator - INFO - 目标 ic 405: 可观测性=True, 时间有效=True
2025-11-28 22:46:23 - MultiTargetOrchestrator - INFO - 观测调度摘要: 总目标 3 个，可观测 3 个 - 时间范围: 2025-11-28 22:46 到 2025-11-28 22:46 (持续 0.0 小时)
2025-11-28 22:46:23 - MultiTargetOrchestrator - INFO - 计划观测 3 个目标
2025-11-28 22:46:23 - MultiTargetOrchestrator - INFO - 开始观测目标 1/3: IC 1871
2025-11-28 22:46:23 - MultiTargetOrchestrator - INFO - [DRYRUN] 开始执行 IC 1871 观测任务
2025-11-28 22:46:23 - MultiTargetOrchestrator - INFO - IC 1871 中天时间: 13:19:48
2025-11-28 22:46:24 - MultiTargetOrchestrator - INFO - IC 1871 观测计划已启动
2025-11-28 22:46:24 - MultiTargetOrchestrator - INFO - [22:46:24] IC 1871 状态: 已停止 [STOP] | 进度: 0.0% (0/648分钟) | 滤镜: LUM
2025-11-28 22:46:24 - MultiTargetOrchestrator - INFO - [22:46:24] IC 1871 状态: 已停止 [STOP] | 进度: 0.0% (0/648分钟) | 滤镜: LUM
2025-11-28 22:46:24 - MultiTargetOrchestrator - INFO - 目标 IC 1871 观测完成
2025-11-28 22:46:24 - MultiTargetOrchestrator - INFO - 开始观测目标 2/3: ic 405
2025-11-28 22:46:24 - MultiTargetOrchestrator - INFO - [DRYRUN] 开始执行 ic 405 观测任务
2025-11-28 22:46:24 - MultiTargetOrchestrator - INFO - ic 405 中天时间: 15:43:00
2025-11-28 22:46:25 - MultiTargetOrchestrator - INFO - ic 405 观测计划已启动
2025-11-28 22:46:25 - MultiTargetOrchestrator - INFO - [22:46:25] ic 405 状态: 已停止 [STOP] | 进度: 0.0% (0/432分钟) | 滤镜: LUM
2025-11-28 22:46:25 - MultiTargetOrchestrator - INFO - [22:46:25] ic 405 状态: 已停止 [STOP] | 进度: 0.0% (0/432分钟) | 滤镜: LUM
2025-11-28 22:46:25 - MultiTargetOrchestrator - INFO - 目标 ic 405 观测完成
2025-11-28 22:46:25 - MultiTargetOrchestrator - INFO - 开始观测目标 3/3: ic 405
2025-11-28 22:46:25 - MultiTargetOrchestrator - INFO - [DRYRUN] 开始执行 ic 405 观测任务
2025-11-28 22:46:25 - MultiTargetOrchestrator - INFO - ic 405 中天时间: 15:43:01
2025-11-28 22:46:26 - MultiTargetOrchestrator - INFO - ic 405 观测计划已启动
2025-11-28 22:46:26 - MultiTargetOrchestrator - INFO - [22:46:26] ic 405 状态: 已停止 [STOP] | 进度: 0.0% (0/432分钟) | 滤镜: LUM
2025-11-28 22:46:26 - MultiTargetOrchestrator - INFO - [22:46:26] ic 405 状态: 已停止 [STOP] | 进度: 0.0% (0/432分钟) | 滤镜: LUM
2025-11-28 22:46:26 - MultiTargetOrchestrator - INFO - 目标 ic 405 观测完成
2025-11-28 22:46:26 - MultiTargetOrchestrator - INFO - 观测序列完成: 成功 3 个, 失败 0 个
2025-11-28 22:46:26 - MultiTargetOrchestrator - INFO - 正在清理资源...
2025-11-28 22:46:26 - MultiTargetOrchestrator - INFO - 多目标观测协调器关闭
